2026-05-08 12:15:58,027 - ERROR - Database connection failed: No module named 'psycopg2'
2026-05-08 12:17:36,144 - ERROR - Database connection failed: No module named 'psycopg2'
2026-05-08 12:18:19,107 - ERROR - Database connection failed: No module named 'psycopg2'
2026-05-08 12:18:53,648 - ERROR - Database connection failed: No module named 'psycopg2'
2026-05-08 12:19:40,668 - INFO - Database connection established succesfully. 
2026-05-08 12:20:16,686 - INFO - Searching for customer ID: 1
2026-05-08 12:24:54,058 - INFO - Database connection established succesfully. 
2026-05-08 12:25:10,445 - INFO - Searching for customer ID: 1
2026-05-08 12:29:41,900 - INFO - Database connection established succesfully. 
2026-05-08 12:30:07,236 - INFO - Searching for customer ID: 1
2026-05-08 12:32:06,848 - INFO - Database connection established succesfully. 
2026-05-08 12:32:19,084 - INFO - Searching for customer ID: 1
2026-05-08 12:32:19,126 - WARNING - Customer 1 not found.
2026-05-08 12:32:41,184 - INFO - Searching for customer ID: 103
2026-05-08 12:34:34,498 - INFO - Database connection established succesfully. 
2026-05-08 12:34:42,085 - INFO - Database connection established succesfully. 
2026-05-08 12:34:50,165 - INFO - Searching for customer ID: 103
2026-05-08 12:36:49,045 - INFO - Database connection established succesfully. 
2026-05-08 12:37:02,365 - INFO - Searching for customer ID: 1
2026-05-08 12:37:51,252 - INFO - Database connection established succesfully. 
2026-05-08 12:37:56,937 - INFO - Searching for customer ID: 1
2026-05-08 12:37:56,987 - WARNING - Customer 1 not found.
2026-05-08 12:38:02,361 - INFO - Searching for customer ID: 103
2026-05-08 12:38:08,833 - INFO - Searching for customer ID: 112
2026-05-08 12:38:57,304 - INFO - Fetching customers with offset 0 and limit 10
2026-05-08 12:39:07,485 - INFO - Fetching customers with offset 0 and limit 5
2026-05-08 12:39:14,484 - INFO - Fetching customers with offset 2 and limit 5
2026-05-08 12:41:15,115 - INFO - Database connection established succesfully. 
2026-05-08 12:48:46,519 - INFO - Database connection established succesfully. 
2026-05-08 12:49:23,654 - INFO - Database connection established succesfully. 
2026-05-08 12:49:45,481 - INFO - Searching for customer ID: 1
2026-05-08 12:49:45,525 - WARNING - Customer 1 not found.
2026-05-08 12:49:50,110 - INFO - Searching for customer ID: 103
2026-05-08 12:50:03,032 - INFO - Fetching customers with offset 0 and limit 2
2026-05-08 12:50:47,348 - INFO - Searching for customer ID: 104
2026-05-08 12:50:47,351 - INFO - Creating new customer: Sulav
2026-05-08 13:22:04,552 - INFO - Database connection established succesfully. 
2026-05-08 13:22:15,519 - INFO - Searching for customer ID: 1
2026-05-08 13:22:15,593 - WARNING - Customer 1 not found.
2026-05-08 13:22:19,486 - INFO - Searching for customer ID: 103
2026-05-08 13:22:38,634 - INFO - Searching for customer ID: 112
2026-05-08 13:23:23,883 - INFO - Fetching customers with offset 0 and limit 3
2026-05-08 13:24:37,182 - INFO - Searching for customer ID: 100
2026-05-08 13:24:37,186 - INFO - Creating new customer: Sulav
2026-05-08 13:24:37,203 - INFO - Created new customer with ID: 100
2026-05-08 13:25:07,335 - INFO - Searching for customer ID: 100
2026-05-08 13:50:40,334 - INFO - Database connection established succesfully. 
2026-05-08 13:50:51,236 - INFO - Searching for customer ID: 103
2026-05-08 13:54:33,970 - INFO - Database connection established succesfully. 
2026-05-08 13:54:40,661 - INFO - Searching for customer ID: 103
2026-05-08 13:54:51,325 - INFO - Fetching customers with offset 0 and limit 10
2026-05-08 13:55:12,472 - INFO - Searching for customer ID: 100
2026-05-08 13:55:36,284 - INFO - Searching for customer ID: 0
2026-05-08 13:55:36,288 - INFO - Creating new customer: string
2026-05-08 13:55:36,304 - INFO - Created new customer with ID: 0
2026-05-08 13:55:52,340 - INFO - Searching for customer ID: 0
2026-05-08 14:39:06,689 - INFO - Database connection established succesfully. 
2026-05-08 14:39:06,689 - ERROR - Database connection failed: No module named 'asyncpg'
2026-05-08 14:40:06,398 - INFO - Database connection established succesfully. 
2026-05-08 14:40:06,547 - INFO - Database connection established succesfully. 
2026-05-08 14:40:25,453 - INFO - Searching for customer ID: 100
2026-05-08 14:40:35,199 - INFO - Fetching customers with offset 0 and limit 10
2026-05-08 14:40:47,144 - INFO - Searching for customer ID: 0
2026-05-08 14:40:47,149 - ERROR - Failed to create: Customer ID 0 already exists.
2026-05-08 14:40:58,900 - INFO - Request received: GET /count/customers
2026-05-08 14:40:58,901 - INFO - Starting count query for Customer
2026-05-08 14:40:58,982 - INFO - Completed count for Customer: 124
2026-05-08 14:41:16,825 - INFO - Request: Starting concurrent counts
2026-05-08 14:41:16,826 - INFO - Starting count query for Customer
2026-05-08 14:41:16,827 - INFO - Starting count query for Order
2026-05-08 14:41:16,828 - INFO - Starting count query for Product
2026-05-08 14:41:16,829 - INFO - Starting count query for Employee
2026-05-08 14:41:16,830 - INFO - Starting count query for Office
2026-05-08 14:41:16,831 - INFO - Starting count query for Payment
2026-05-08 14:41:16,832 - INFO - Starting count query for OrderDetail
2026-05-08 14:41:16,832 - INFO - Starting count query for ProductLine
2026-05-08 14:41:16,835 - INFO - Completed count for Customer: 124
2026-05-08 14:41:16,838 - INFO - Completed count for Order: 326
2026-05-08 14:41:16,844 - INFO - Completed count for Product: 110
2026-05-08 14:41:16,851 - INFO - Completed count for Employee: 23
2026-05-08 14:41:16,854 - INFO - Completed count for Office: 7
2026-05-08 14:41:16,858 - INFO - Completed count for Payment: 273
2026-05-08 14:41:16,862 - INFO - Completed count for OrderDetail: 2996
2026-05-08 14:41:16,867 - INFO - Completed count for ProductLine: 7
2026-05-08 16:00:40,656 - INFO - Database connection established succesfully. 
2026-05-08 16:00:40,703 - INFO - Database connection established succesfully. 
2026-05-08 16:04:30,021 - INFO - Database connection established succesfully. 
2026-05-08 16:04:30,051 - INFO - Database connection established succesfully. 
2026-05-08 16:16:10,384 - INFO - Request: Starting concurrent counts
2026-05-08 16:16:10,385 - INFO - Starting count query for Customer
2026-05-08 16:16:10,410 - INFO - Starting count query for Order
2026-05-08 16:16:10,412 - ERROR - Error counting Order: This session is provisioning a new connection; concurrent operations are not permitted (Background on this error at: https://sqlalche.me/e/20/isce)
2026-05-08 16:16:10,413 - INFO - Starting count query for Product
2026-05-08 16:16:10,413 - ERROR - Error counting Product: This session is provisioning a new connection; concurrent operations are not permitted (Background on this error at: https://sqlalche.me/e/20/isce)
2026-05-08 16:16:10,414 - INFO - Starting count query for Employee
2026-05-08 16:16:10,415 - ERROR - Error counting Employee: This session is provisioning a new connection; concurrent operations are not permitted (Background on this error at: https://sqlalche.me/e/20/isce)
2026-05-08 16:16:10,415 - INFO - Starting count query for Office
2026-05-08 16:16:10,416 - ERROR - Error counting Office: This session is provisioning a new connection; concurrent operations are not permitted (Background on this error at: https://sqlalche.me/e/20/isce)
2026-05-08 16:16:10,416 - INFO - Starting count query for Payment
2026-05-08 16:16:10,416 - ERROR - Error counting Payment: This session is provisioning a new connection; concurrent operations are not permitted (Background on this error at: https://sqlalche.me/e/20/isce)
2026-05-08 16:16:10,417 - INFO - Starting count query for OrderDetail
2026-05-08 16:16:10,417 - ERROR - Error counting OrderDetail: This session is provisioning a new connection; concurrent operations are not permitted (Background on this error at: https://sqlalche.me/e/20/isce)
2026-05-08 16:16:10,418 - INFO - Starting count query for ProductLine
2026-05-08 16:16:10,418 - ERROR - Error counting ProductLine: This session is provisioning a new connection; concurrent operations are not permitted (Background on this error at: https://sqlalche.me/e/20/isce)
2026-05-08 16:16:10,516 - INFO - Completed count for Customer: 124
2026-05-08 16:16:50,562 - INFO - Database connection established succesfully. 
2026-05-08 16:16:50,591 - INFO - Database connection established succesfully. 
2026-05-08 16:17:01,911 - INFO - Request: Starting concurrent counts
2026-05-08 16:17:01,912 - INFO - Starting count query for Customer
2026-05-08 16:17:01,916 - INFO - Starting count query for Order
2026-05-08 16:17:01,917 - ERROR - Error counting Order: This session is provisioning a new connection; concurrent operations are not permitted (Background on this error at: https://sqlalche.me/e/20/isce)
2026-05-08 16:17:01,917 - INFO - Starting count query for Product
2026-05-08 16:17:01,918 - ERROR - Error counting Product: This session is provisioning a new connection; concurrent operations are not permitted (Background on this error at: https://sqlalche.me/e/20/isce)
2026-05-08 16:17:01,919 - INFO - Starting count query for Employee
2026-05-08 16:17:01,919 - ERROR - Error counting Employee: This session is provisioning a new connection; concurrent operations are not permitted (Background on this error at: https://sqlalche.me/e/20/isce)
2026-05-08 16:17:01,920 - INFO - Starting count query for Office
2026-05-08 16:17:01,920 - ERROR - Error counting Office: This session is provisioning a new connection; concurrent operations are not permitted (Background on this error at: https://sqlalche.me/e/20/isce)
2026-05-08 16:17:01,921 - INFO - Starting count query for Payment
2026-05-08 16:17:01,921 - ERROR - Error counting Payment: This session is provisioning a new connection; concurrent operations are not permitted (Background on this error at: https://sqlalche.me/e/20/isce)
2026-05-08 16:17:01,921 - INFO - Starting count query for OrderDetail
2026-05-08 16:17:01,922 - ERROR - Error counting OrderDetail: This session is provisioning a new connection; concurrent operations are not permitted (Background on this error at: https://sqlalche.me/e/20/isce)
2026-05-08 16:17:01,923 - INFO - Starting count query for ProductLine
2026-05-08 16:17:01,923 - ERROR - Error counting ProductLine: This session is provisioning a new connection; concurrent operations are not permitted (Background on this error at: https://sqlalche.me/e/20/isce)
2026-05-08 16:17:01,992 - INFO - Completed count for Customer: 124
2026-05-08 16:19:18,778 - INFO - Database connection established succesfully. 
2026-05-08 16:19:18,808 - INFO - Database connection established succesfully. 
2026-05-08 16:20:35,314 - INFO - Database connection established succesfully. 
2026-05-08 16:20:35,342 - INFO - Database connection established succesfully. 
2026-05-08 16:20:46,677 - INFO - Request: Starting concurrent counts
2026-05-08 16:20:46,678 - INFO - Starting count query for Customer
2026-05-08 16:20:46,771 - INFO - Completed count for Customer: 124
2026-05-08 16:20:46,772 - INFO - Starting count query for Order
2026-05-08 16:20:46,777 - INFO - Completed count for Order: 326
2026-05-08 16:20:46,778 - INFO - Starting count query for Product
2026-05-08 16:20:46,782 - INFO - Completed count for Product: 110
2026-05-08 16:20:46,782 - INFO - Starting count query for Employee
2026-05-08 16:20:46,786 - INFO - Completed count for Employee: 23
2026-05-08 16:20:46,787 - INFO - Starting count query for Office
2026-05-08 16:20:46,792 - INFO - Completed count for Office: 7
2026-05-08 16:20:46,792 - INFO - Starting count query for Payment
2026-05-08 16:20:46,799 - INFO - Completed count for Payment: 273
2026-05-08 16:20:46,799 - INFO - Starting count query for OrderDetail
2026-05-08 16:20:46,806 - INFO - Completed count for OrderDetail: 2996
2026-05-08 16:20:46,807 - INFO - Starting count query for ProductLine
2026-05-08 16:20:46,812 - INFO - Completed count for ProductLine: 7
2026-05-08 16:22:01,233 - INFO - Database connection established succesfully. 
2026-05-08 16:22:01,262 - INFO - Database connection established succesfully. 
2026-05-08 16:22:27,360 - INFO - Database connection established succesfully. 
2026-05-08 16:22:27,387 - INFO - Database connection established succesfully. 
2026-05-08 16:22:36,215 - INFO - Request: Starting concurrent counts
2026-05-08 16:22:36,215 - INFO - Starting count query for Customer
2026-05-08 16:22:36,220 - INFO - Starting count query for Order
2026-05-08 16:22:36,221 - ERROR - Error counting Order: This session is provisioning a new connection; concurrent operations are not permitted (Background on this error at: https://sqlalche.me/e/20/isce)
2026-05-08 16:22:36,222 - INFO - Starting count query for Product
2026-05-08 16:22:36,223 - ERROR - Error counting Product: This session is provisioning a new connection; concurrent operations are not permitted (Background on this error at: https://sqlalche.me/e/20/isce)
2026-05-08 16:22:36,223 - INFO - Starting count query for Employee
2026-05-08 16:22:36,224 - ERROR - Error counting Employee: This session is provisioning a new connection; concurrent operations are not permitted (Background on this error at: https://sqlalche.me/e/20/isce)
2026-05-08 16:22:36,224 - INFO - Starting count query for Office
2026-05-08 16:22:36,225 - ERROR - Error counting Office: This session is provisioning a new connection; concurrent operations are not permitted (Background on this error at: https://sqlalche.me/e/20/isce)
2026-05-08 16:22:36,226 - INFO - Starting count query for Payment
2026-05-08 16:22:36,226 - ERROR - Error counting Payment: This session is provisioning a new connection; concurrent operations are not permitted (Background on this error at: https://sqlalche.me/e/20/isce)
2026-05-08 16:22:36,227 - INFO - Starting count query for OrderDetail
2026-05-08 16:22:36,227 - ERROR - Error counting OrderDetail: This session is provisioning a new connection; concurrent operations are not permitted (Background on this error at: https://sqlalche.me/e/20/isce)
2026-05-08 16:22:36,228 - INFO - Starting count query for ProductLine
2026-05-08 16:22:36,228 - ERROR - Error counting ProductLine: This session is provisioning a new connection; concurrent operations are not permitted (Background on this error at: https://sqlalche.me/e/20/isce)
2026-05-08 16:22:36,295 - INFO - Completed count for Customer: 124
2026-05-08 16:28:40,469 - INFO - Database connection established succesfully. 
2026-05-08 16:28:40,498 - INFO - Database connection established succesfully. 
2026-05-08 16:30:41,089 - INFO - Database connection established succesfully. 
2026-05-08 16:30:41,115 - INFO - Database connection established succesfully. 
2026-05-08 16:32:28,547 - INFO - Database connection established succesfully. 
2026-05-08 16:32:28,575 - INFO - Database connection established succesfully. 
2026-05-08 16:33:30,067 - INFO - Database connection established succesfully. 
2026-05-08 16:33:30,093 - INFO - Database connection established succesfully. 
2026-05-08 16:33:42,404 - INFO - Request: Starting concurrent counts
2026-05-08 16:33:42,404 - INFO - Starting count query for Customer
2026-05-08 16:33:42,409 - INFO - Starting count query for Order
2026-05-08 16:33:42,412 - INFO - Starting count query for Product
2026-05-08 16:33:42,415 - INFO - Starting count query for Employee
2026-05-08 16:33:42,418 - INFO - Starting count query for Office
2026-05-08 16:33:42,421 - INFO - Starting count query for Payment
2026-05-08 16:33:42,425 - INFO - Starting count query for OrderDetail
2026-05-08 16:33:42,428 - INFO - Starting count query for ProductLine
2026-05-08 16:33:42,785 - INFO - Completed count for Product: 110
2026-05-08 16:33:42,786 - INFO - Completed count for Order: 326
2026-05-08 16:33:42,787 - INFO - Completed count for Employee: 23
2026-05-08 16:33:42,788 - INFO - Completed count for Office: 7
2026-05-08 16:33:42,789 - INFO - Completed count for Payment: 273
2026-05-08 16:33:42,790 - INFO - Completed count for OrderDetail: 2996
2026-05-08 16:33:42,791 - INFO - Completed count for ProductLine: 7
2026-05-08 16:33:42,792 - INFO - Completed count for Customer: 124
2026-05-08 16:37:27,484 - INFO - Searching for customer ID: 103
2026-05-08 16:38:05,604 - INFO - Searching for customer ID: 0
2026-05-08 16:38:05,609 - ERROR - Failed to create: Customer ID 0 already exists.
2026-05-08 16:40:37,887 - INFO - Database connection established succesfully. 
2026-05-08 16:40:37,917 - INFO - Database connection established succesfully. 
2026-05-08 16:40:50,156 - INFO - Fetching customers with offset 0 and limit 3
